This file contains any messages produced by compilers while
running configure, to aid debugging if configure makes a mistake.

It was created by Sleekboard configure 0.1, which was
generated by GNU Autoconf 2.65.  Invocation command line was

  $ ./configure 

## --------- ##
## Platform. ##
## --------- ##

hostname = plasma
uname -m = i686
uname -r = 2.6.33-gentoo
uname -s = Linux
uname -v = #1 SMP Mon Mar 1 17:59:18 CET 2010

/usr/bin/uname -p = Intel(R) Atom(TM) CPU N270 @ 1.60GHz
/bin/uname -X     = unknown

/bin/arch              = unknown
/usr/bin/arch -k       = unknown
/usr/convex/getsysinfo = unknown
/usr/bin/hostinfo      = unknown
/bin/machine           = unknown
/usr/bin/oslevel       = unknown
/bin/universe          = unknown

PATH: /usr/local/bin
PATH: /usr/local/sbin
PATH: /usr/sbin
PATH: /sbin
PATH: /usr/local/bin
PATH: /usr/bin
PATH: /bin
PATH: /opt/bin
PATH: /usr/i486-pc-linux-gnu/gcc-bin/4.1.2
PATH: /usr/i686-pc-linux-gnu/gcc-bin/4.4.3
PATH: /usr/games/bin


## ----------- ##
## Core tests. ##
## ----------- ##

configure:2093: checking for a BSD-compatible install
configure:2161: result: /usr/bin/install -c
configure:2172: checking whether build environment is sane
configure:2222: result: yes
configure:2363: checking for a thread-safe mkdir -p
configure:2402: result: /bin/mkdir -p
configure:2415: checking for gawk
configure:2431: found /usr/bin/gawk
configure:2442: result: gawk
configure:2453: checking whether make sets $(MAKE)
configure:2475: result: yes
configure:2608: checking for gcc
configure:2624: found /usr/bin/gcc
configure:2635: result: gcc
configure:2864: checking for C compiler version
configure:2873: gcc --version >&5
gcc (Gentoo 4.4.3 p1.0) 4.4.3
Copyright (C) 2010 Free Software Foundation, Inc.
This is free software; see the source for copying conditions.  There is NO
warranty; not even for MERCHANTABILITY or FITNESS FOR A PARTICULAR PURPOSE.

configure:2884: $? = 0
configure:2873: gcc -v >&5
Using built-in specs.
Target: i686-pc-linux-gnu
Configured with: /var/tmp/portage/sys-devel/gcc-4.4.3/work/gcc-4.4.3/configure --prefix=/usr --bindir=/usr/i686-pc-linux-gnu/gcc-bin/4.4.3 --includedir=/usr/lib/gcc/i686-pc-linux-gnu/4.4.3/include --datadir=/usr/share/gcc-data/i686-pc-linux-gnu/4.4.3 --mandir=/usr/share/gcc-data/i686-pc-linux-gnu/4.4.3/man --infodir=/usr/share/gcc-data/i686-pc-linux-gnu/4.4.3/info --with-gxx-include-dir=/usr/lib/gcc/i686-pc-linux-gnu/4.4.3/include/g++-v4 --host=i686-pc-linux-gnu --build=i686-pc-linux-gnu --disable-altivec --disable-fixed-point --without-ppl --without-cloog --enable-nls --without-included-gettext --with-system-zlib --disable-checking --disable-werror --enable-secureplt --disable-multilib --enable-libmudflap --disable-libssp --enable-libgomp --enable-cld --with-python-dir=/share/gcc-data/i686-pc-linux-gnu/4.4.3/python --disable-libgcj --with-arch=i686 --enable-languages=c,c++ --enable-shared --enable-threads=posix --enable-__cxa_atexit --enable-clocale=gnu --with-bugurl=http://bugs.gentoo.org/ --with-pkgversion='Gentoo 4.4.3 p1.0'
Thread model: posix
gcc version 4.4.3 (Gentoo 4.4.3 p1.0) 
configure:2884: $? = 0
configure:2873: gcc -V >&5
gcc: '-V' option must have argument
configure:2884: $? = 1
configure:2873: gcc -qversion >&5
gcc: unrecognized option '-qversion'
gcc: no input files
configure:2884: $? = 1
configure:2904: checking whether the C compiler works
configure:2926: gcc    conftest.c  >&5
configure:2930: $? = 0
configure:2979: result: yes
configure:2982: checking for C compiler default output file name
configure:2984: result: a.out
configure:2990: checking for suffix of executables
configure:2997: gcc -o conftest    conftest.c  >&5
configure:3001: $? = 0
configure:3023: result: 
configure:3045: checking whether we are cross compiling
configure:3053: gcc -o conftest    conftest.c  >&5
configure:3057: $? = 0
configure:3064: ./conftest
configure:3068: $? = 0
configure:3083: result: no
configure:3088: checking for suffix of object files
configure:3110: gcc -c   conftest.c >&5
configure:3114: $? = 0
configure:3135: result: o
configure:3139: checking whether we are using the GNU C compiler
configure:3158: gcc -c   conftest.c >&5
configure:3158: $? = 0
configure:3167: result: yes
configure:3176: checking whether gcc accepts -g
configure:3196: gcc -c -g  conftest.c >&5
configure:3196: $? = 0
configure:3237: result: yes
configure:3254: checking for gcc option to accept ISO C89
configure:3318: gcc  -c -g -O2  conftest.c >&5
configure:3318: $? = 0
configure:3331: result: none needed
configure:3362: checking for style of include used by make
configure:3390: result: GNU
configure:3415: checking dependency style of gcc
configure:3525: result: gcc3
configure:3591: checking for pkg-config
configure:3609: found /usr/bin/pkg-config
configure:3621: result: /usr/bin/pkg-config
configure:3646: checking pkg-config is at least version 0.9.0
configure:3649: result: yes
configure:3660: checking for Cairo
configure:3667: $PKG_CONFIG --exists --print-errors "cairo x11"
configure:3670: $? = 0
configure:3683: $PKG_CONFIG --exists --print-errors "cairo x11"
configure:3686: $? = 0
configure:3721: result: yes
configure:3735: checking how to run the C preprocessor
configure:3766: gcc -E  conftest.c
configure:3766: $? = 0
configure:3780: gcc -E  conftest.c
conftest.c:11:28: error: ac_nonexistent.h: No such file or directory
configure:3780: $? = 1
configure: failed program was:
| /* confdefs.h */
| #define PACKAGE_NAME "Sleekboard"
| #define PACKAGE_TARNAME "sleekboard"
| #define PACKAGE_VERSION "0.1"
| #define PACKAGE_STRING "Sleekboard 0.1"
| #define PACKAGE_BUGREPORT ""
| #define PACKAGE_URL ""
| #define PACKAGE ""
| #define VERSION ""
| /* end confdefs.h.  */
| #include <ac_nonexistent.h>
configure:3805: result: gcc -E
configure:3825: gcc -E  conftest.c
configure:3825: $? = 0
configure:3839: gcc -E  conftest.c
conftest.c:11:28: error: ac_nonexistent.h: No such file or directory
configure:3839: $? = 1
configure: failed program was:
| /* confdefs.h */
| #define PACKAGE_NAME "Sleekboard"
| #define PACKAGE_TARNAME "sleekboard"
| #define PACKAGE_VERSION "0.1"
| #define PACKAGE_STRING "Sleekboard 0.1"
| #define PACKAGE_BUGREPORT ""
| #define PACKAGE_URL ""
| #define PACKAGE ""
| #define VERSION ""
| /* end confdefs.h.  */
| #include <ac_nonexistent.h>
configure:3868: checking for X
configure:3976: gcc -E  conftest.c
configure:3976: $? = 0
configure:4007: gcc -o conftest -g -O2 -I/usr/include/cairo -I/usr/include/pixman-1 -I/usr/include/freetype2 -I/usr/include/libpng12     -lcairo -lX11   conftest.c -lX11  >&5
configure:4007: $? = 0
configure:4057: result: libraries , headers 
configure:4061: checking for grep that handles long lines and -e
configure:4119: result: /bin/grep
configure:4124: checking for egrep
configure:4186: result: /bin/grep -E
configure:4191: checking for ANSI C header files
configure:4211: gcc -c -g -O2 -I/usr/include/cairo -I/usr/include/pixman-1 -I/usr/include/freetype2 -I/usr/include/libpng12    conftest.c >&5
configure:4211: $? = 0
configure:4284: gcc -o conftest -g -O2 -I/usr/include/cairo -I/usr/include/pixman-1 -I/usr/include/freetype2 -I/usr/include/libpng12     -lcairo -lX11   conftest.c  >&5
configure:4284: $? = 0
configure:4284: ./conftest
configure:4284: $? = 0
configure:4295: result: yes
configure:4308: checking for sys/types.h
configure:4308: gcc -c -g -O2 -I/usr/include/cairo -I/usr/include/pixman-1 -I/usr/include/freetype2 -I/usr/include/libpng12    conftest.c >&5
configure:4308: $? = 0
configure:4308: result: yes
configure:4308: checking for sys/stat.h
configure:4308: gcc -c -g -O2 -I/usr/include/cairo -I/usr/include/pixman-1 -I/usr/include/freetype2 -I/usr/include/libpng12    conftest.c >&5
configure:4308: $? = 0
configure:4308: result: yes
configure:4308: checking for stdlib.h
configure:4308: gcc -c -g -O2 -I/usr/include/cairo -I/usr/include/pixman-1 -I/usr/include/freetype2 -I/usr/include/libpng12    conftest.c >&5
configure:4308: $? = 0
configure:4308: result: yes
configure:4308: checking for string.h
configure:4308: gcc -c -g -O2 -I/usr/include/cairo -I/usr/include/pixman-1 -I/usr/include/freetype2 -I/usr/include/libpng12    conftest.c >&5
configure:4308: $? = 0
configure:4308: result: yes
configure:4308: checking for memory.h
configure:4308: gcc -c -g -O2 -I/usr/include/cairo -I/usr/include/pixman-1 -I/usr/include/freetype2 -I/usr/include/libpng12    conftest.c >&5
configure:4308: $? = 0
configure:4308: result: yes
configure:4308: checking for strings.h
configure:4308: gcc -c -g -O2 -I/usr/include/cairo -I/usr/include/pixman-1 -I/usr/include/freetype2 -I/usr/include/libpng12    conftest.c >&5
configure:4308: $? = 0
configure:4308: result: yes
configure:4308: checking for inttypes.h
configure:4308: gcc -c -g -O2 -I/usr/include/cairo -I/usr/include/pixman-1 -I/usr/include/freetype2 -I/usr/include/libpng12    conftest.c >&5
configure:4308: $? = 0
configure:4308: result: yes
configure:4308: checking for stdint.h
configure:4308: gcc -c -g -O2 -I/usr/include/cairo -I/usr/include/pixman-1 -I/usr/include/freetype2 -I/usr/include/libpng12    conftest.c >&5
configure:4308: $? = 0
configure:4308: result: yes
configure:4308: checking for unistd.h
configure:4308: gcc -c -g -O2 -I/usr/include/cairo -I/usr/include/pixman-1 -I/usr/include/freetype2 -I/usr/include/libpng12    conftest.c >&5
configure:4308: $? = 0
configure:4308: result: yes
configure:4324: checking for stdlib.h
configure:4324: result: yes
configure:4324: checking for string.h
configure:4324: result: yes
configure:4341: checking for stdlib.h
configure:4341: result: yes
configure:4351: checking for GNU libc compatible malloc
configure:4375: gcc -o conftest -g -O2 -I/usr/include/cairo -I/usr/include/pixman-1 -I/usr/include/freetype2 -I/usr/include/libpng12     -lcairo -lX11   conftest.c  >&5
configure:4375: $? = 0
configure:4375: ./conftest
configure:4375: $? = 0
configure:4385: result: yes
configure:4527: creating ./config.status

## ---------------------- ##
## Running config.status. ##
## ---------------------- ##

This file was extended by Sleekboard config.status 0.1, which was
generated by GNU Autoconf 2.65.  Invocation command line was

  CONFIG_FILES    = 
  CONFIG_HEADERS  = 
  CONFIG_LINKS    = 
  CONFIG_COMMANDS = 
  $ ./config.status 

on plasma

config.status:859: creating Makefile
config.status:859: creating src/Makefile
config.status:859: creating config.h
config.status:1031: config.h is unchanged
config.status:1079: executing depfiles commands

## ---------------- ##
## Cache variables. ##
## ---------------- ##

ac_cv_c_compiler_gnu=yes
ac_cv_env_CC_set=
ac_cv_env_CC_value=
ac_cv_env_CFLAGS_set=
ac_cv_env_CFLAGS_value=
ac_cv_env_CPPFLAGS_set=
ac_cv_env_CPPFLAGS_value=
ac_cv_env_CPP_set=
ac_cv_env_CPP_value=
ac_cv_env_Cairo_CFLAGS_set=
ac_cv_env_Cairo_CFLAGS_value=
ac_cv_env_Cairo_LIBS_set=
ac_cv_env_Cairo_LIBS_value=
ac_cv_env_LDFLAGS_set=
ac_cv_env_LDFLAGS_value=
ac_cv_env_LIBS_set=
ac_cv_env_LIBS_value=
ac_cv_env_PKG_CONFIG_set=
ac_cv_env_PKG_CONFIG_value=
ac_cv_env_XMKMF_set=
ac_cv_env_XMKMF_value=
ac_cv_env_build_alias_set=
ac_cv_env_build_alias_value=
ac_cv_env_host_alias_set=
ac_cv_env_host_alias_value=
ac_cv_env_target_alias_set=
ac_cv_env_target_alias_value=
ac_cv_func_malloc_0_nonnull=yes
ac_cv_have_x='have_x=yes	ac_x_includes='\'''\''	ac_x_libraries='\'''\'''
ac_cv_header_inttypes_h=yes
ac_cv_header_memory_h=yes
ac_cv_header_stdc=yes
ac_cv_header_stdint_h=yes
ac_cv_header_stdlib_h=yes
ac_cv_header_string_h=yes
ac_cv_header_strings_h=yes
ac_cv_header_sys_stat_h=yes
ac_cv_header_sys_types_h=yes
ac_cv_header_unistd_h=yes
ac_cv_objext=o
ac_cv_path_EGREP='/bin/grep -E'
ac_cv_path_GREP=/bin/grep
ac_cv_path_ac_pt_PKG_CONFIG=/usr/bin/pkg-config
ac_cv_path_install='/usr/bin/install -c'
ac_cv_path_mkdir=/bin/mkdir
ac_cv_prog_AWK=gawk
ac_cv_prog_CPP='gcc -E'
ac_cv_prog_ac_ct_CC=gcc
ac_cv_prog_cc_c89=
ac_cv_prog_cc_g=yes
ac_cv_prog_make_make_set=yes
am_cv_CC_dependencies_compiler_type=gcc3
pkg_cv_Cairo_CFLAGS='-I/usr/include/cairo -I/usr/include/pixman-1 -I/usr/include/freetype2 -I/usr/include/libpng12  '
pkg_cv_Cairo_LIBS='-lcairo -lX11  '

## ----------------- ##
## Output variables. ##
## ----------------- ##

ACLOCAL='${SHELL} /home/mif86/sleekboard/sleekboard-dev/missing --run aclocal-1.11'
AMDEPBACKSLASH='\'
AMDEP_FALSE='#'
AMDEP_TRUE=''
AMTAR='${SHELL} /home/mif86/sleekboard/sleekboard-dev/missing --run tar'
AUTOCONF='${SHELL} /home/mif86/sleekboard/sleekboard-dev/missing --run autoconf'
AUTOHEADER='${SHELL} /home/mif86/sleekboard/sleekboard-dev/missing --run autoheader'
AUTOMAKE='${SHELL} /home/mif86/sleekboard/sleekboard-dev/missing --run automake-1.11'
AWK='gawk'
CC='gcc'
CCDEPMODE='depmode=gcc3'
CFLAGS='-g -O2 -I/usr/include/cairo -I/usr/include/pixman-1 -I/usr/include/freetype2 -I/usr/include/libpng12  '
CPP='gcc -E'
CPPFLAGS=''
CYGPATH_W='echo'
Cairo_CFLAGS='-I/usr/include/cairo -I/usr/include/pixman-1 -I/usr/include/freetype2 -I/usr/include/libpng12  '
Cairo_LIBS='-lcairo -lX11  '
DEFS='-DHAVE_CONFIG_H'
DEPDIR='.deps'
ECHO_C=''
ECHO_N='-n'
ECHO_T=''
EGREP='/bin/grep -E'
EXEEXT=''
GREP='/bin/grep'
INSTALL_DATA='${INSTALL} -m 644'
INSTALL_PROGRAM='${INSTALL}'
INSTALL_SCRIPT='${INSTALL}'
INSTALL_STRIP_PROGRAM='$(install_sh) -c -s'
LDFLAGS=' -lcairo -lX11  '
LIBOBJS=''
LIBS=''
LTLIBOBJS=''
MAKEINFO='${SHELL} /home/mif86/sleekboard/sleekboard-dev/missing --run makeinfo'
MKDIR_P='/bin/mkdir -p'
OBJEXT='o'
PACKAGE=''
PACKAGE_BUGREPORT=''
PACKAGE_NAME='Sleekboard'
PACKAGE_STRING='Sleekboard 0.1'
PACKAGE_TARNAME='sleekboard'
PACKAGE_URL=''
PACKAGE_VERSION='0.1'
PATH_SEPARATOR=':'
PKG_CONFIG='/usr/bin/pkg-config'
SET_MAKE=''
SHELL='/bin/sh'
STRIP=''
VERSION=''
XMKMF=''
ac_ct_CC='gcc'
am__EXEEXT_FALSE=''
am__EXEEXT_TRUE='#'
am__fastdepCC_FALSE='#'
am__fastdepCC_TRUE=''
am__include='include'
am__isrc=''
am__leading_dot='.'
am__quote=''
am__tar='${AMTAR} chof - "$$tardir"'
am__untar='${AMTAR} xf -'
bindir='${exec_prefix}/bin'
build_alias=''
datadir='${datarootdir}'
datarootdir='${prefix}/share'
docdir='${datarootdir}/doc/${PACKAGE_TARNAME}'
dvidir='${docdir}'
exec_prefix='${prefix}'
host_alias=''
htmldir='${docdir}'
includedir='${prefix}/include'
infodir='${datarootdir}/info'
install_sh='${SHELL} /home/mif86/sleekboard/sleekboard-dev/install-sh'
libdir='${exec_prefix}/lib'
libexecdir='${exec_prefix}/libexec'
localedir='${datarootdir}/locale'
localstatedir='${prefix}/var'
mandir='${datarootdir}/man'
mkdir_p='/bin/mkdir -p'
oldincludedir='/usr/include'
pdfdir='${docdir}'
prefix='/usr/local'
program_transform_name='s,x,x,'
psdir='${docdir}'
sbindir='${exec_prefix}/sbin'
sharedstatedir='${prefix}/com'
sysconfdir='${prefix}/etc'
target_alias=''

## ----------- ##
## confdefs.h. ##
## ----------- ##

/* confdefs.h */
#define PACKAGE_NAME "Sleekboard"
#define PACKAGE_TARNAME "sleekboard"
#define PACKAGE_VERSION "0.1"
#define PACKAGE_STRING "Sleekboard 0.1"
#define PACKAGE_BUGREPORT ""
#define PACKAGE_URL ""
#define PACKAGE ""
#define VERSION ""
#define STDC_HEADERS 1
#define HAVE_SYS_TYPES_H 1
#define HAVE_SYS_STAT_H 1
#define HAVE_STDLIB_H 1
#define HAVE_STRING_H 1
#define HAVE_MEMORY_H 1
#define HAVE_STRINGS_H 1
#define HAVE_INTTYPES_H 1
#define HAVE_STDINT_H 1
#define HAVE_UNISTD_H 1
#define HAVE_STDLIB_H 1
#define HAVE_STRING_H 1
#define HAVE_STDLIB_H 1
#define HAVE_MALLOC 1

configure: exit 0
